# JRE version: Java(TM) SE Runtime Environment (21.0.1+12) (build 21.0.1+12-LTS-29)
# Java VM: Java HotSpot(TM) 64-Bit Server VM (21.0.1+12-LTS-29, mixed mode, sharing, tiered, compressed oops, compressed class ptrs, g1 gc, linux-amd64)
GC Precious Log:
 CardTable entry size: 512
 Card Set container configuration: InlinePtr #cards 5 size 8 Array Of Cards #cards 12 size 40 Howl #buckets 4 coarsen threshold 1843 Howl Bitmap #cards 512 size 80 coarsen threshold 460 Card regions per heap region 1 cards per card region 2048
 CPUs: 12 total, 12 available
 Memory: 7304M
 Large Page Support: Disabled
 NUMA Support: Disabled
 Compressed Oops: Enabled (32-bit)
 Heap Region Size: 1M
 Heap Min Capacity: 8M
 Heap Initial Capacity: 116M
 Heap Max Capacity: 1828M
 Pre-touch: Disabled
 Parallel Workers: 10
 Concurrent Workers: 3
 Concurrent Refinement Workers: 10
 Periodic GC: Disabled
Heap:
 garbage-first heap   total 245760K, used 207467K [0x000000008dc00000, 0x0000000100000000)
  region size 1024K, 141 young (144384K), 13 survivors (13312K)
 Metaspace       used 90763K, committed 91520K, reserved 1179648K
  class space    used 11563K, committed 11904K, reserved 1048576K
GC Heap History (20 events):
Event: 2.900 GC heap before
{Heap before GC invocations=12 (full 0):
 garbage-first heap   total 139264K, used 116747K [0x000000008dc00000, 0x0000000100000000)
  region size 1024K, 79 young (80896K), 11 survivors (11264K)
 Metaspace       used 26597K, committed 26944K, reserved 1114112K
  class space    used 2850K, committed 3008K, reserved 1048576K
}
Event: 2.904 GC heap after
{Heap after GC invocations=13 (full 0):
 garbage-first heap   total 139264K, used 53265K [0x000000008dc00000, 0x0000000100000000)
  region size 1024K, 6 young (6144K), 6 survivors (6144K)
 Metaspace       used 26597K, committed 26944K, reserved 1114112K
  class space    used 2850K, committed 3008K, reserved 1048576K
}
Event: 2.931 GC heap before
{Heap before GC invocations=13 (full 0):
 garbage-first heap   total 139264K, used 121873K [0x000000008dc00000, 0x0000000100000000)
  region size 1024K, 74 young (75776K), 6 survivors (6144K)
 Metaspace       used 26598K, committed 26944K, reserved 1114112K
  class space    used 2850K, committed 3008K, reserved 1048576K
}
Event: 2.934 GC heap after
{Heap after GC invocations=14 (full 0):
 garbage-first heap   total 139264K, used 55914K [0x000000008dc00000, 0x0000000100000000)
  region size 1024K, 9 young (9216K), 9 survivors (9216K)
 Metaspace       used 26598K, committed 26944K, reserved 1114112K
  class space    used 2850K, committed 3008K, reserved 1048576K
}
Event: 2.962 GC heap before
{Heap before GC invocations=14 (full 0):
 garbage-first heap   total 139264K, used 119402K [0x000000008dc00000, 0x0000000100000000)
  region size 1024K, 72 young (73728K), 9 survivors (9216K)
 Metaspace       used 26598K, committed 26944K, reserved 1114112K
  class space    used 2850K, committed 3008K, reserved 1048576K
}
Event: 2.967 GC heap after
{Heap after GC invocations=15 (full 0):
 garbage-first heap   total 278528K, used 57981K [0x000000008dc00000, 0x0000000100000000)
  region size 1024K, 7 young (7168K), 7 survivors (7168K)
 Metaspace       used 26598K, committed 26944K, reserved 1114112K
  class space    used 2850K, committed 3008K, reserved 1048576K
}
Event: 3.175 GC heap before
{Heap before GC invocations=15 (full 0):
 garbage-first heap   total 278528K, used 216701K [0x000000008dc00000, 0x0000000100000000)
  region size 1024K, 163 young (166912K), 7 survivors (7168K)
 Metaspace       used 26599K, committed 26944K, reserved 1114112K
  class space    used 2850K, committed 3008K, reserved 1048576K
}
Event: 3.180 GC heap after
{Heap after GC invocations=16 (full 0):
 garbage-first heap   total 278528K, used 65248K [0x000000008dc00000, 0x0000000100000000)
  region size 1024K, 14 young (14336K), 14 survivors (14336K)
 Metaspace       used 26599K, committed 26944K, reserved 1114112K
  class space    used 2850K, committed 3008K, reserved 1048576K
}
Event: 3.906 GC heap before
{Heap before GC invocations=16 (full 0):
 garbage-first heap   total 278528K, used 169696K [0x000000008dc00000, 0x0000000100000000)
  region size 1024K, 118 young (120832K), 14 survivors (14336K)
 Metaspace       used 35500K, committed 35968K, reserved 1114112K
  class space    used 4000K, committed 4224K, reserved 1048576K
}
Event: 3.912 GC heap after
{Heap after GC invocations=17 (full 0):
 garbage-first heap   total 278528K, used 69770K [0x000000008dc00000, 0x0000000100000000)
  region size 1024K, 15 young (15360K), 15 survivors (15360K)
 Metaspace       used 35500K, committed 35968K, reserved 1114112K
  class space    used 4000K, committed 4224K, reserved 1048576K
}
Event: 4.740 GC heap before
{Heap before GC invocations=18 (full 0):
 garbage-first heap   total 245760K, used 200842K [0x000000008dc00000, 0x0000000100000000)
  region size 1024K, 144 young (147456K), 15 survivors (15360K)
 Metaspace       used 50955K, committed 51520K, reserved 1114112K
  class space    used 5995K, committed 6272K, reserved 1048576K
}
Event: 4.747 GC heap after
{Heap after GC invocations=19 (full 0):
 garbage-first heap   total 245760K, used 73412K [0x000000008dc00000, 0x0000000100000000)
  region size 1024K, 8 young (8192K), 8 survivors (8192K)
 Metaspace       used 50955K, committed 51520K, reserved 1114112K
  class space    used 5995K, committed 6272K, reserved 1048576K
}
Event: 5.349 GC heap before
{Heap before GC invocations=19 (full 0):
 garbage-first heap   total 245760K, used 181956K [0x000000008dc00000, 0x0000000100000000)
  region size 1024K, 115 young (117760K), 8 survivors (8192K)
 Metaspace       used 59894K, committed 60416K, reserved 1114112K
  class space    used 7191K, committed 7424K, reserved 1048576K
}
Event: 5.353 GC heap after
{Heap after GC invocations=20 (full 0):
 garbage-first heap   total 245760K, used 74031K [0x000000008dc00000, 0x0000000100000000)
  region size 1024K, 10 young (10240K), 10 survivors (10240K)
 Metaspace       used 59894K, committed 60416K, reserved 1114112K
  class space    used 7191K, committed 7424K, reserved 1048576K
}
Event: 5.363 GC heap before
{Heap before GC invocations=20 (full 0):
 garbage-first heap   total 245760K, used 76079K [0x000000008dc00000, 0x0000000100000000)
  region size 1024K, 13 young (13312K), 10 survivors (10240K)
 Metaspace       used 60179K, committed 60736K, reserved 1114112K
  class space    used 7218K, committed 7488K, reserved 1048576K
}
Event: 5.368 GC heap after
{Heap after GC invocations=21 (full 0):
 garbage-first heap   total 245760K, used 74424K [0x000000008dc00000, 0x0000000100000000)
  region size 1024K, 7 young (7168K), 7 survivors (7168K)
 Metaspace       used 60179K, committed 60736K, reserved 1114112K
  class space    used 7218K, committed 7488K, reserved 1048576K
}
Event: 6.286 GC heap before
{Heap before GC invocations=22 (full 0):
 garbage-first heap   total 245760K, used 213688K [0x000000008dc00000, 0x0000000100000000)
  region size 1024K, 144 young (147456K), 7 survivors (7168K)
 Metaspace       used 73214K, committed 73856K, reserved 1114112K
  class space    used 9199K, committed 9472K, reserved 1048576K
}
Event: 6.293 GC heap after
{Heap after GC invocations=23 (full 0):
 garbage-first heap   total 245760K, used 77541K [0x000000008dc00000, 0x0000000100000000)
  region size 1024K, 10 young (10240K), 10 survivors (10240K)
 Metaspace       used 73214K, committed 73856K, reserved 1114112K
  class space    used 9199K, committed 9472K, reserved 1048576K
}
Event: 6.823 GC heap before
{Heap before GC invocations=23 (full 0):
 garbage-first heap   total 245760K, used 213733K [0x000000008dc00000, 0x0000000100000000)
  region size 1024K, 144 young (147456K), 10 survivors (10240K)
 Metaspace       used 79243K, committed 79936K, reserved 1179648K
  class space    used 10042K, committed 10368K, reserved 1048576K
}
Event: 6.829 GC heap after
{Heap after GC invocations=24 (full 0):
 garbage-first heap   total 245760K, used 78443K [0x000000008dc00000, 0x0000000100000000)
  region size 1024K, 13 young (13312K), 13 survivors (13312K)
 Metaspace       used 79243K, committed 79936K, reserved 1179648K
  class space    used 10042K, committed 10368K, reserved 1048576K
}

